EZJoe/build/outputs/logs/manifest-merger-release-report.txt
-- Merging decision tree log ---
manifest
ADDED from src/main/AndroidManifest.xml:3:1-33:12
	package
		ADDED from src/main/AndroidManifest.xml:5:5-41
		INJECTED from src/main/AndroidManifest.xml
		INJECTED from src/main/AndroidManifest.xml
	android:versionName
		ADDED from src/main/AndroidManifest.xml:7:5-31
		INJECTED from src/main/AndroidManifest.xml
		INJECTED from src/main/AndroidManifest.xml
	android:versionCode
		ADDED from src/main/AndroidManifest.xml:6:5-29
		INJECTED from src/main/AndroidManifest.xml
		INJECTED from src/main/AndroidManifest.xml
	xmlns:android
		ADDED from src/main/AndroidManifest.xml:4:5-63
uses-sdk
ADDED from src/main/AndroidManifest.xml:9:5-11:41
	android:targetSdkVersion
		ADDED from src/main/AndroidManifest.xml:11:9-38
		INJECTED from src/main/AndroidManifest.xml
		INJECTED from src/main/AndroidManifest.xml
	android:minSdkVersion
		ADDED from src/main/AndroidManifest.xml:10:9-34
		INJECTED from src/main/AndroidManifest.xml
		INJECTED from src/main/AndroidManifest.xml
application
ADDED from src/main/AndroidManifest.xml:13:5-31:19
	android:label
		ADDED from src/main/AndroidManifest.xml:15:9-41
	android:icon
		ADDED from src/main/AndroidManifest.xml:14:9-45
activity#com.stoneageartisans.ezjoe.EZJoe
ADDED from src/main/AndroidManifest.xml:17:9-29:20
	android:screenOrientation
		ADDED from src/main/AndroidManifest.xml:21:13-49
	android:label
		ADDED from src/main/AndroidManifest.xml:19:13-45
	android:windowSoftInputMode
		ADDED from src/main/AndroidManifest.xml:22:13-54
	android:theme
		ADDED from src/main/AndroidManifest.xml:20:13-49
	android:name
		ADDED from src/main/AndroidManifest.xml:18:13-34
intent-filter#android.intent.action.MAIN+android.intent.category.LAUNCHER
ADDED from src/main/AndroidManifest.xml:24:13-27:29
action#android.intent.action.MAIN
ADDED from src/main/AndroidManifest.xml:25:17-69
	android:name
		ADDED from src/main/AndroidManifest.xml:25:25-66
category#android.intent.category.LAUNCHER
ADDED from src/main/AndroidManifest.xml:26:17-77
	android:name
		ADDED from src/main/AndroidManifest.xml:26:27-74